<?xml version="1.0" encoding="UTF-8"?>
<testng-results skipped="0" failed="0" ignored="0" total="1" passed="1">
  <reporter-output>
  </reporter-output>
  <suite name="Default suite" duration-ms="102" started-at="2023-01-23T13:01:29 IST" finished-at="2023-01-23T13:01:29 IST">
    <groups>
    </groups>
    <test name="Default test" duration-ms="102" started-at="2023-01-23T13:01:29 IST" finished-at="2023-01-23T13:01:29 IST">
      <class name="Practice_maven.Delete">
        <test-method status="PASS" signature="delete()[pri:0, instance:Practice_maven.Delete@fad74ee]" name="delete" duration-ms="22" started-at="2023-01-23T13:01:29 IST" finished-at="2023-01-23T13:01:29 IST">
          <reporter-output>
          </reporter-output>
        </test-method> <!-- delete -->
      </class> <!-- Practice_maven.Delete -->
    </test> <!-- Default test -->
  </suite> <!-- Default suite -->
</testng-results>
