<?xml version="1.0" encoding="UTF-8"?>
<testng-results skipped="0" failed="0" ignored="0" total="1" passed="1">
  <reporter-output>
    <line>
      <![CDATA[login the page  :]]>
    </line>
  </reporter-output>
  <suite name="Default suite" duration-ms="85" started-at="2023-01-18T13:00:21 IST" finished-at="2023-01-18T13:00:21 IST">
    <groups>
    </groups>
    <test name="Default test" duration-ms="85" started-at="2023-01-18T13:00:21 IST" finished-at="2023-01-18T13:00:21 IST">
      <class name="Practice_maven.LoginApplication">
        <test-method status="PASS" signature="login()[pri:0, instance:Practice_maven.LoginApplication@fad74ee]" name="login" duration-ms="16" started-at="2023-01-18T13:00:21 IST" finished-at="2023-01-18T13:00:21 IST">
          <reporter-output>
            <line>
              <![CDATA[login the page  :]]>
            </line>
          </reporter-output>
        </test-method> <!-- login -->
      </class> <!-- Practice_maven.LoginApplication -->
    </test> <!-- Default test -->
  </suite> <!-- Default suite -->
</testng-results>
