<?xml version="1.0" encoding="UTF-8"?>
<!-- Generated by org.testng.reporters.JUnitReportReporter -->
<testsuite skipped="0" hostname="DESKTOP-GDISGSQ" name="Practice_maven.CreateTest" tests="2" failures="0" timestamp="2023-01-16T16:03:59 IST" time="0.039" errors="0">
  <testcase name="edit" time="0.000" classname="Practice_maven.CreateTest"/>
  <system-out/>
  <testcase name="create" time="0.039" classname="Practice_maven.CreateTest"/>
  <system-out/>
</testsuite> <!-- Practice_maven.CreateTest -->
